
> linkedin-engagement-assistant@0.0.0 build
> tsc && vite build && vite build --config vite.config.content.js

tests/e2e/pipeline-controls.spec.ts(128,34): error TS6133: 'context' is declared but its value is never read.
tests/e2e/pipeline-controls.spec.ts(128,43): error TS6133: 'extensionId' is declared but its value is never read.
tests/e2e/pipeline-controls.spec.ts(299,65): error TS6133: 'context' is declared but its value is never read.
tests/e2e/pipeline-controls.spec.ts(343,61): error TS6133: 'background' is declared but its value is never read.
